<?xml version="1.0" encoding="UTF-8"?>
<testsuites name="Module Sentinel Test Suite" tests="64" failures="23" skipped="1" time="19.149">
  <testsuite name="Module Sentinel" tests="64" failures="23" skipped="1" time="19.149">
    <testcase classname="ASTGenerationTest" name="ASTGenerationTest" time="0">
      <failure message="Cannot read properties of undefined (reading &apos;useTreeSitter&apos;)">
TypeError: Cannot read properties of undefined (reading &apos;useTreeSitter&apos;)
    at ASTGenerationTest.runDiagnostics (/workspace/test/unit/ASTGenerationTest.ts:165:48)
    at ASTGenerationTest.run (/workspace/test/unit/ASTGenerationTest.ts:95:16)
    at async TestRunner.runTests (/workspace/test/TestRunner.ts:193:29)
    at async TestRunner.run (/workspace/test/TestRunner.ts:81:23)
      </failure>
    </testcase>
    <testcase classname="DrizzleOrmTest" name="testProjectOperations" time="24">
    </testcase>
    <testcase classname="DrizzleOrmTest" name="testLanguageOperations" time="15">
    </testcase>
    <testcase classname="DrizzleOrmTest" name="testSymbolOperations" time="17">
    </testcase>
    <testcase classname="ComprehensiveSymbolExtractionTest" name="planet_builder_method_extraction" time="4">
      <failure message="WithTextureResolution method not found in database">
Error: WithTextureResolution method not found in database
    at ComprehensiveSymbolExtractionTest.testPlanetBuilderMethodExtraction (/workspace/test/unit/ComprehensiveSymbolExtractionTest.ts:118:15)
    at ComprehensiveSymbolExtractionTest.run (/workspace/test/unit/ComprehensiveSymbolExtractionTest.ts:43:31)
    at TestRunner.runTests (/workspace/test/TestRunner.ts:193:48)
    at async TestRunner.run (/workspace/test/TestRunner.ts:81:23)
      </failure>
    </testcase>
    <testcase classname="ComprehensiveSymbolExtractionTest" name="advanced_height_generator_method" time="1">
      <failure message="GenerateHeightSpherical method not found in database">
Error: GenerateHeightSpherical method not found in database
    at ComprehensiveSymbolExtractionTest.testAdvancedHeightGeneratorMethod (/workspace/test/unit/ComprehensiveSymbolExtractionTest.ts:193:15)
    at ComprehensiveSymbolExtractionTest.run (/workspace/test/unit/ComprehensiveSymbolExtractionTest.ts:46:31)
    at async TestRunner.runTests (/workspace/test/TestRunner.ts:193:29)
    at async TestRunner.run (/workspace/test/TestRunner.ts:81:23)
      </failure>
    </testcase>
    <testcase classname="ComprehensiveSymbolExtractionTest" name="namespace_hierarchy_extraction" time="2">
    </testcase>
    <testcase classname="ComprehensiveSymbolExtractionTest" name="parameter_extraction_completeness" time="3">
    </testcase>
    <testcase classname="ComprehensiveSymbolExtractionTest" name="return_type_extraction" time="1">
    </testcase>
    <testcase classname="ComprehensiveSymbolExtractionTest" name="class_membership_extraction" time="0">
      <failure message="PlanetBuilder class not found">
Error: PlanetBuilder class not found
    at ComprehensiveSymbolExtractionTest.testClassMembershipExtraction (/workspace/test/unit/ComprehensiveSymbolExtractionTest.ts:459:15)
    at ComprehensiveSymbolExtractionTest.run (/workspace/test/unit/ComprehensiveSymbolExtractionTest.ts:58:31)
    at async TestRunner.runTests (/workspace/test/TestRunner.ts:193:29)
    at async TestRunner.run (/workspace/test/TestRunner.ts:81:23)
      </failure>
    </testcase>
    <testcase classname="ComprehensiveSymbolExtractionTest" name="template_parameter_extraction" time="1">
    </testcase>
    <testcase classname="NamespaceParsingSimpleTest" name="namespace_stack_management" time="1">
    </testcase>
    <testcase classname="NamespaceParsingSimpleTest" name="export_namespace_recognition" time="0">
    </testcase>
    <testcase classname="NamespaceParsingSimpleTest" name="multi_level_namespace_parsing" time="0">
    </testcase>
    <testcase classname="NamespaceParsingSimpleTest" name="scope_boundary_tracking" time="0">
    </testcase>
    <testcase classname="NamespaceParsingSimpleTest" name="qualified_name_building" time="0">
    </testcase>
    <testcase classname="NamespaceParsingSimpleTest" name="namespace_extraction" time="0">
    </testcase>
    <testcase classname="NamespaceParsingSimpleTest" name="real_file_namespace_parsing" time="3">
      <failure message="Symbol BufferFactory: expected namespace &apos;PlanetGen::Rendering&apos;, got &apos;undefined&apos;">
Error: Symbol BufferFactory: expected namespace &apos;PlanetGen::Rendering&apos;, got &apos;undefined&apos;
    at NamespaceParsingSimpleTest.testRealFileNamespaceParsing (/workspace/test/unit/NamespaceParsingSimpleTest.ts:473:17)
    at async NamespaceParsingSimpleTest.run (/workspace/test/unit/NamespaceParsingSimpleTest.ts:42:20)
    at async TestRunner.runTests (/workspace/test/TestRunner.ts:193:29)
    at async TestRunner.run (/workspace/test/TestRunner.ts:81:23)
      </failure>
    </testcase>
    <testcase classname="UniversalIndexerTest" name="testCreateIndexer" time="0">
    </testcase>
    <testcase classname="UniversalIndexerTest" name="testIndexProject" time="921">
    </testcase>
    <testcase classname="UniversalIndexerTest" name="testFindSymbols" time="0">
    </testcase>
    <testcase classname="RelationshipExtractionTest" name="buffer_factory_parsing" time="4">
    </testcase>
    <testcase classname="RelationshipExtractionTest" name="pattern_based_inheritance_extraction" time="29">
    </testcase>
    <testcase classname="RelationshipExtractionTest" name="pattern_based_function_call_extraction" time="9">
    </testcase>
    <testcase classname="RelationshipExtractionTest" name="database_relationships" time="1">
      <failure message="❌ Expected some inheritance relationships, found 0">
AssertionError: ❌ Expected some inheritance relationships, found 0
    at RelationshipExtractionTest.assert (/workspace/test/helpers/BaseTest.ts:32:13)
    at RelationshipExtractionTest.testDatabaseRelationships (/workspace/test/unit/RelationshipExtractionTest.ts:265:12)
    at RelationshipExtractionTest.run (/workspace/test/unit/RelationshipExtractionTest.ts:36:29)
    at async TestRunner.runTests (/workspace/test/TestRunner.ts:193:29)
    at async TestRunner.run (/workspace/test/TestRunner.ts:81:23)
      </failure>
    </testcase>
    <testcase classname="VisualizationAPITest" name="testCreateAPI" time="1">
    </testcase>
    <testcase classname="VisualizationAPITest" name="testStartStopServer" time="1">
    </testcase>
    <testcase classname="VisualizationAPITest" name="testSymbolsEndpoint" time="14">
    </testcase>
    <testcase classname="VisualizationAPITest" name="testStatsEndpoint" time="3">
    </testcase>
    <testcase classname="VisualizationAPITest" name="testSymbolsEndpoint" time="4">
    </testcase>
    <testcase classname="VisualizationAPITest" name="testRelationshipsEndpoint" time="2">
    </testcase>
    <testcase classname="VisualizationAPITest" name="testSQLQueries" time="6">
    </testcase>
    <testcase classname="ControlFlowAnalysisTest" name="testSerializeToStringControlFlow" time="0">
      <skipped/>
    </testcase>
    <testcase classname="EnhancedArchitectureTest" name="testCppParserIntegration" time="0">
      <failure message="CppUniversalParser is not defined">
ReferenceError: CppUniversalParser is not defined
    at EnhancedArchitectureTest.testCppParserIntegration (/workspace/test/unit/EnhancedArchitectureTest.ts:70:22)
    at EnhancedArchitectureTest.run (/workspace/test/unit/EnhancedArchitectureTest.ts:23:29)
    at TestRunner.runTests (/workspace/test/TestRunner.ts:193:48)
    at process.processTicksAndRejections (node:internal/process/task_queues:105:5)
    at async TestRunner.run (/workspace/test/TestRunner.ts:81:23)
      </failure>
    </testcase>
    <testcase classname="EnhancedArchitectureTest" name="testUniversalPatternEngine" time="0">
      <failure message="UniversalPatternEngine is not defined">
ReferenceError: UniversalPatternEngine is not defined
    at EnhancedArchitectureTest.testUniversalPatternEngine (/workspace/test/unit/EnhancedArchitectureTest.ts:129:29)
    at EnhancedArchitectureTest.run (/workspace/test/unit/EnhancedArchitectureTest.ts:26:29)
    at process.processTicksAndRejections (node:internal/process/task_queues:105:5)
    at async TestRunner.runTests (/workspace/test/TestRunner.ts:193:29)
    at async TestRunner.run (/workspace/test/TestRunner.ts:81:23)
      </failure>
    </testcase>
    <testcase classname="EnhancedArchitectureTest" name="testCrossLanguageAnalyzer" time="0">
      <failure message="CrossLanguageAnalyzer is not defined">
ReferenceError: CrossLanguageAnalyzer is not defined
    at EnhancedArchitectureTest.testCrossLanguageAnalyzer (/workspace/test/unit/EnhancedArchitectureTest.ts:190:29)
    at EnhancedArchitectureTest.run (/workspace/test/unit/EnhancedArchitectureTest.ts:29:29)
    at process.processTicksAndRejections (node:internal/process/task_queues:105:5)
    at async TestRunner.runTests (/workspace/test/TestRunner.ts:193:29)
    at async TestRunner.run (/workspace/test/TestRunner.ts:81:23)
      </failure>
    </testcase>
    <testcase classname="EnhancedArchitectureTest" name="testMultiLanguageReadiness" time="0">
      <failure message="C++ parser failed: ReferenceError: CppUniversalParser is not defined">
Error: C++ parser failed: ReferenceError: CppUniversalParser is not defined
    at EnhancedArchitectureTest.testMultiLanguageReadiness (/workspace/test/unit/EnhancedArchitectureTest.ts:255:15)
    at EnhancedArchitectureTest.run (/workspace/test/unit/EnhancedArchitectureTest.ts:32:29)
    at process.processTicksAndRejections (node:internal/process/task_queues:105:5)
    at async TestRunner.runTests (/workspace/test/TestRunner.ts:193:29)
    at async TestRunner.run (/workspace/test/TestRunner.ts:81:23)
      </failure>
    </testcase>
    <testcase classname="CrossLanguageFlowTest" name="CrossLanguageFlowTest" time="0">
      <failure message="Should find Python dataclasses">
Error: Should find Python dataclasses
    at CrossLanguageFlowTest.runTest (/workspace/test/unit/CrossLanguageFlowTest.ts:151:13)
    at async CrossLanguageFlowTest.run (/workspace/test/unit/CrossLanguageFlowTest.ts:20:7)
    at async TestRunner.runTests (/workspace/test/TestRunner.ts:193:29)
    at async TestRunner.run (/workspace/test/TestRunner.ts:81:23)
      </failure>
    </testcase>
    <testcase classname="StructMemberExtractionTest" name="GenericResourceDesc struct should be found" time="0">
    </testcase>
    <testcase classname="StructMemberExtractionTest" name="Should find at least 5 members, found 0" time="0">
      <failure message="Should find at least 5 members, found 0">
Error: Should find at least 5 members, found 0
    at StructMemberExtractionTest.assert (/workspace/test/unit/StructMemberExtractionTest.ts:174:16)
    at StructMemberExtractionTest.run (/workspace/test/unit/StructMemberExtractionTest.ts:87:12)
    at async TestRunner.runTests (/workspace/test/TestRunner.ts:193:29)
    at async TestRunner.run (/workspace/test/TestRunner.ts:81:23)
      </failure>
    </testcase>
    <testcase classname="StructMemberExtractionTest" name="Should find width member" time="0">
      <failure message="Should find width member">
Error: Should find width member
    at StructMemberExtractionTest.assert (/workspace/test/unit/StructMemberExtractionTest.ts:174:16)
    at StructMemberExtractionTest.run (/workspace/test/unit/StructMemberExtractionTest.ts:91:12)
    at async TestRunner.runTests (/workspace/test/TestRunner.ts:193:29)
    at async TestRunner.run (/workspace/test/TestRunner.ts:81:23)
      </failure>
    </testcase>
    <testcase classname="StructMemberExtractionTest" name="Should find type member" time="0">
      <failure message="Should find type member">
Error: Should find type member
    at StructMemberExtractionTest.assert (/workspace/test/unit/StructMemberExtractionTest.ts:174:16)
    at StructMemberExtractionTest.run (/workspace/test/unit/StructMemberExtractionTest.ts:97:12)
    at async TestRunner.runTests (/workspace/test/TestRunner.ts:193:29)
    at async TestRunner.run (/workspace/test/TestRunner.ts:81:23)
      </failure>
    </testcase>
    <testcase classname="MemberAccessTrackingTest" name="GenericResourceDesc struct should exist" time="0">
    </testcase>
    <testcase classname="MemberAccessTrackingTest" name="Width member should exist" time="0">
      <failure message="Width member should exist">
Error: Width member should exist
    at MemberAccessTrackingTest.assert (/workspace/test/unit/MemberAccessTrackingTest.ts:167:16)
    at MemberAccessTrackingTest.run (/workspace/test/unit/MemberAccessTrackingTest.ts:45:12)
    at async TestRunner.runTests (/workspace/test/TestRunner.ts:193:29)
    at async TestRunner.run (/workspace/test/TestRunner.ts:81:23)
      </failure>
    </testcase>
    <testcase classname="MemberAccessTrackingTest" name="Should track at least some field access" time="0">
      <failure message="Should track at least some field access">
Error: Should track at least some field access
    at MemberAccessTrackingTest.assert (/workspace/test/unit/MemberAccessTrackingTest.ts:167:16)
    at MemberAccessTrackingTest.run (/workspace/test/unit/MemberAccessTrackingTest.ts:127:10)
    at async TestRunner.runTests (/workspace/test/TestRunner.ts:193:29)
    at async TestRunner.run (/workspace/test/TestRunner.ts:81:23)
      </failure>
    </testcase>
    <testcase classname="MemberAccessDeepDiveTest" name="Should find at least 5 fields in GenericResourceDesc, found 0" time="0">
      <failure message="Should find at least 5 fields in GenericResourceDesc, found 0">
Error: Should find at least 5 fields in GenericResourceDesc, found 0
    at MemberAccessDeepDiveTest.assert (/workspace/test/unit/MemberAccessDeepDiveTest.ts:279:16)
    at MemberAccessDeepDiveTest.run (/workspace/test/unit/MemberAccessDeepDiveTest.ts:150:12)
    at async TestRunner.runTests (/workspace/test/TestRunner.ts:193:29)
    at async TestRunner.run (/workspace/test/TestRunner.ts:81:23)
      </failure>
    </testcase>
    <testcase classname="MemberAccessDeepDiveTest" name="ToGeneric should write to at least 3 fields (generic.type, generic.width, etc.), found 10" time="0">
    </testcase>
    <testcase classname="ComprehensiveParserCapabilitiesTest" name="Language Detection Working" time="0">
    </testcase>
    <testcase classname="ComprehensiveParserCapabilitiesTest" name="Essential Symbol Kinds Present" time="0">
    </testcase>
    <testcase classname="ComprehensiveParserCapabilitiesTest" name="Essential Relationship Types Present" time="0">
    </testcase>
    <testcase classname="ComprehensiveParserCapabilitiesTest" name="C++ module with structs, functions, and field access - Symbol Detection" time="0">
    </testcase>
    <testcase classname="ComprehensiveParserCapabilitiesTest" name="C++ module with structs, functions, and field access - Relationship Detection" time="0">
    </testcase>
    <testcase classname="ComprehensiveParserCapabilitiesTest" name="C++ factory pattern with modules and templates - Symbol Detection" time="0">
      <failure message="1/4 symbols found">
Error: 1/4 symbols found
    at ComprehensiveParserCapabilitiesTest.testFileExpectations (/workspace/test/unit/ComprehensiveParserCapabilitiesTest.ts:450:45)
    at async ComprehensiveParserCapabilitiesTest.testSpecificFileExpectations (/workspace/test/unit/ComprehensiveParserCapabilitiesTest.ts:356:5)
    at async ComprehensiveParserCapabilitiesTest.run (/workspace/test/unit/ComprehensiveParserCapabilitiesTest.ts:121:7)
    at async TestRunner.runTests (/workspace/test/TestRunner.ts:193:29)
    at async TestRunner.run (/workspace/test/TestRunner.ts:81:23)
      </failure>
    </testcase>
    <testcase classname="ComprehensiveParserCapabilitiesTest" name="C++ factory pattern with modules and templates - Relationship Detection" time="0">
      <failure message="2/3 relationships found">
Error: 2/3 relationships found
    at ComprehensiveParserCapabilitiesTest.testFileExpectations (/workspace/test/unit/ComprehensiveParserCapabilitiesTest.ts:457:57)
    at async ComprehensiveParserCapabilitiesTest.testSpecificFileExpectations (/workspace/test/unit/ComprehensiveParserCapabilitiesTest.ts:356:5)
    at async ComprehensiveParserCapabilitiesTest.run (/workspace/test/unit/ComprehensiveParserCapabilitiesTest.ts:121:7)
    at async TestRunner.runTests (/workspace/test/TestRunner.ts:193:29)
    at async TestRunner.run (/workspace/test/TestRunner.ts:81:23)
      </failure>
    </testcase>
    <testcase classname="ComprehensiveParserCapabilitiesTest" name="Function Signatures Completeness (>80%)" time="0">
    </testcase>
    <testcase classname="ComprehensiveParserCapabilitiesTest" name="Return Types Completeness (>70%)" time="0">
    </testcase>
    <testcase classname="ComprehensiveParserCapabilitiesTest" name="Modern C++ Features Detection" time="0">
      <failure message="No modern C++ features detected in codebase">
Error: No modern C++ features detected in codebase
    at ComprehensiveParserCapabilitiesTest.testModernCppFeatures (/workspace/test/unit/ComprehensiveParserCapabilitiesTest.ts:581:35)
    at ComprehensiveParserCapabilitiesTest.run (/workspace/test/unit/ComprehensiveParserCapabilitiesTest.ts:127:18)
    at async TestRunner.runTests (/workspace/test/TestRunner.ts:193:29)
    at async TestRunner.run (/workspace/test/TestRunner.ts:81:23)
      </failure>
    </testcase>
    <testcase classname="ComprehensiveParserCapabilitiesTest" name="Template Detection (Known Gap)" time="0">
    </testcase>
    <testcase classname="ComprehensiveParserCapabilitiesTest" name="Inheritance Relationships (Known Gap)" time="0">
    </testcase>
    <testcase classname="SemanticIntelligenceIntegrationTest" name="Index with semantic analysis enabled" time="-373">
    </testcase>
    <testcase classname="SemanticIntelligenceIntegrationTest" name="Verify insights are generated" time="1">
      <failure message="Should detect performance issues: expected &gt; 0, got 0">
Error: Should detect performance issues: expected &gt; 0, got 0
    at SemanticIntelligenceIntegrationTest.assertGreaterThan (/workspace/test/unit/SemanticIntelligenceIntegrationTest.ts:92:13)
    at SemanticIntelligenceIntegrationTest.testInsightsGeneration (/workspace/test/unit/SemanticIntelligenceIntegrationTest.ts:352:10)
    at async SemanticIntelligenceIntegrationTest.run (/workspace/test/unit/SemanticIntelligenceIntegrationTest.ts:55:11)
    at async TestRunner.runTests (/workspace/test/TestRunner.ts:193:29)
    at async TestRunner.run (/workspace/test/TestRunner.ts:81:23)
      </failure>
    </testcase>
    <testcase classname="SemanticIntelligenceIntegrationTest" name="Verify clusters are created" time="0">
      <failure message="Should have cluster for similar event handlers: value is null or undefined">
Error: Should have cluster for similar event handlers: value is null or undefined
    at SemanticIntelligenceIntegrationTest.assertExists (/workspace/test/unit/SemanticIntelligenceIntegrationTest.ts:98:13)
    at SemanticIntelligenceIntegrationTest.testClusterCreation (/workspace/test/unit/SemanticIntelligenceIntegrationTest.ts:400:10)
    at async SemanticIntelligenceIntegrationTest.run (/workspace/test/unit/SemanticIntelligenceIntegrationTest.ts:55:11)
    at async TestRunner.runTests (/workspace/test/TestRunner.ts:193:29)
    at async TestRunner.run (/workspace/test/TestRunner.ts:81:23)
      </failure>
    </testcase>
    <testcase classname="SemanticIntelligenceIntegrationTest" name="Verify insight quality and relevance" time="1">
      <failure message="Should detect coordinate validation duplication: value is null or undefined">
Error: Should detect coordinate validation duplication: value is null or undefined
    at SemanticIntelligenceIntegrationTest.assertExists (/workspace/test/unit/SemanticIntelligenceIntegrationTest.ts:98:13)
    at SemanticIntelligenceIntegrationTest.testInsightQuality (/workspace/test/unit/SemanticIntelligenceIntegrationTest.ts:453:10)
    at async SemanticIntelligenceIntegrationTest.run (/workspace/test/unit/SemanticIntelligenceIntegrationTest.ts:55:11)
    at async TestRunner.runTests (/workspace/test/TestRunner.ts:193:29)
    at async TestRunner.run (/workspace/test/TestRunner.ts:81:23)
      </failure>
    </testcase>
    <testcase classname="SemanticIntelligenceIntegrationTest" name="Test with semantic analysis disabled" time="-854">
    </testcase>
  </testsuite>
</testsuites>
